2021-03-25 16:40:36,369 [Worker-5: Loading available Gradle versions] INFO  o.e.b.c.i.u.g.PublishedGradleVersions - Gradle version information cache is up-to-date. Trying to read.
2021-05-11 16:54:16,226 [Worker-5: Loading available Gradle versions] INFO  o.e.b.c.i.u.g.PublishedGradleVersions - Gradle version information cache is up-to-date. Trying to read.
2021-05-11 16:54:36,483 [Worker-19: Importing Maven projects] INFO  o.e.m.c.i.l.LifecycleMappingFactory - Using org.eclipse.m2e.jdt.JarLifecycleMapping lifecycle mapping for MavenProject: org.insa.graphs:be-graphes-gui:0.0.1-SNAPSHOT @ C:\Users\Oriane\Documents\3MIC\graphes\BE\git2\BE-graphes\be-graphes-gui\pom.xml.
2021-05-11 16:54:36,526 [Worker-19: Importing Maven projects] INFO  o.e.m.c.i.p.WorkspaceClassifierResolverManager - Resolving P/be-graphes-model: org.insa.graphs:be-graphes-model:0.0.1-SNAPSHOT with classifier  to /be-graphes-model/target/classes
2021-05-11 16:54:36,527 [Worker-19: Importing Maven projects] INFO  o.e.m.c.i.p.WorkspaceClassifierResolverManager - Resolving P/be-graphes-algos: org.insa.graphs:be-graphes-algos:0.0.1-SNAPSHOT with classifier  to /be-graphes-algos/target/classes
2021-05-11 16:54:36,579 [Worker-19: Importing Maven projects] INFO  o.e.m.c.i.l.LifecycleMappingFactory - Using org.eclipse.m2e.jdt.JarLifecycleMapping lifecycle mapping for MavenProject: org.insa.graphs:be-graphes-model:0.0.1-SNAPSHOT @ C:\Users\Oriane\Documents\3MIC\graphes\BE\git2\BE-graphes\be-graphes-model\pom.xml.
2021-05-11 16:54:36,619 [Worker-19: Importing Maven projects] INFO  o.e.m.c.i.l.LifecycleMappingFactory - Using org.eclipse.m2e.jdt.JarLifecycleMapping lifecycle mapping for MavenProject: org.insa.graphs:be-graphes-algos:0.0.1-SNAPSHOT @ C:\Users\Oriane\Documents\3MIC\graphes\BE\git2\BE-graphes\be-graphes-algos\pom.xml.
2021-05-11 16:54:36,620 [Worker-19: Importing Maven projects] INFO  o.e.m.c.i.p.WorkspaceClassifierResolverManager - Resolving P/be-graphes-model: org.insa.graphs:be-graphes-model:0.0.1-SNAPSHOT with classifier  to /be-graphes-model/target/classes
2021-05-11 16:54:36,650 [Worker-19: Importing Maven projects] INFO  o.e.m.c.i.l.LifecycleMappingFactory - Using org.eclipse.m2e.jdt.JarLifecycleMapping lifecycle mapping for MavenProject: org.insa.graphs:be-graphes-gui:0.0.1-SNAPSHOT @ C:\Users\Oriane\Documents\3MIC\graphes\BE\git2\BE-graphes\be-graphes-gui\pom.xml.
2021-05-11 16:54:36,652 [Worker-19: Importing Maven projects] INFO  o.e.m.c.i.p.WorkspaceClassifierResolverManager - Resolving P/be-graphes-model: org.insa.graphs:be-graphes-model:0.0.1-SNAPSHOT with classifier  to /be-graphes-model/target/classes
2021-05-11 16:54:36,653 [Worker-19: Importing Maven projects] INFO  o.e.m.c.i.p.WorkspaceClassifierResolverManager - Resolving P/be-graphes-algos: org.insa.graphs:be-graphes-algos:0.0.1-SNAPSHOT with classifier  to /be-graphes-algos/target/classes
2021-05-11 16:54:36,847 [Worker-19: Importing Maven projects] INFO  o.e.m.j.i.AbstractJavaProjectConfigurator - Adding source folder /be-graphes-model/src/main/java
2021-05-11 16:54:36,851 [Worker-19: Importing Maven projects] INFO  o.e.m.j.i.AbstractJavaProjectConfigurator - Adding source folder /be-graphes-model/src/test/java
2021-05-11 16:54:37,088 [Worker-19: Importing Maven projects] INFO  o.e.m.j.i.AbstractJavaProjectConfigurator - Adding source folder /be-graphes-algos/src/main/java
2021-05-11 16:54:37,092 [Worker-19: Importing Maven projects] INFO  o.e.m.j.i.AbstractJavaProjectConfigurator - Adding source folder /be-graphes-algos/src/test/java
2021-05-11 16:54:37,141 [Worker-19: Importing Maven projects] INFO  o.e.m.j.i.AbstractJavaProjectConfigurator - Adding source folder /be-graphes-gui/src/main/java
2021-05-11 16:54:37,141 [Worker-19: Importing Maven projects] INFO  o.e.m.j.i.AbstractJavaProjectConfigurator - Adding resource folder /be-graphes-gui/src/main/resources
2021-05-11 16:54:37,191 [Worker-19: Importing Maven projects] INFO  o.e.m.j.i.AbstractJavaProjectConfigurator - Adding source folder /be-graphes-gui/src/test/java
2021-05-11 16:54:37,263 [Worker-19: Importing Maven projects] INFO  o.e.m.c.i.p.ProjectConfigurationManager - Imported and configured 3 project(s) in 1 sec
2021-05-11 16:54:38,344 [Worker-9: Building] INFO  o.e.m.c.i.embedder.EclipseLogger - Using 'UTF-8' encoding to copy filtered resources.
2021-05-11 16:54:38,344 [Worker-9: Building] INFO  o.e.m.c.i.embedder.EclipseLogger - skip non existing resourceDirectory C:\Users\Oriane\Documents\3MIC\graphes\BE\git2\BE-graphes\be-graphes-model\src\main\resources
2021-05-11 16:54:38,346 [Worker-9: Building] INFO  o.e.m.c.i.embedder.EclipseLogger - Using 'UTF-8' encoding to copy filtered resources.
2021-05-11 16:54:38,346 [Worker-9: Building] INFO  o.e.m.c.i.embedder.EclipseLogger - skip non existing resourceDirectory C:\Users\Oriane\Documents\3MIC\graphes\BE\git2\BE-graphes\be-graphes-model\src\test\resources
2021-05-11 16:54:38,618 [Worker-9: Building] INFO  o.e.m.c.i.p.WorkspaceClassifierResolverManager - Resolving P/be-graphes-model: org.insa.graphs:be-graphes-model:0.0.1-SNAPSHOT with classifier  to /be-graphes-model/target/classes
2021-05-11 16:54:38,621 [Worker-9: Building] INFO  o.e.m.c.i.embedder.EclipseLogger - Using 'UTF-8' encoding to copy filtered resources.
2021-05-11 16:54:38,621 [Worker-9: Building] INFO  o.e.m.c.i.embedder.EclipseLogger - skip non existing resourceDirectory C:\Users\Oriane\Documents\3MIC\graphes\BE\git2\BE-graphes\be-graphes-algos\src\main\resources
2021-05-11 16:54:38,622 [Worker-9: Building] INFO  o.e.m.c.i.embedder.EclipseLogger - Using 'UTF-8' encoding to copy filtered resources.
2021-05-11 16:54:38,622 [Worker-9: Building] INFO  o.e.m.c.i.embedder.EclipseLogger - skip non existing resourceDirectory C:\Users\Oriane\Documents\3MIC\graphes\BE\git2\BE-graphes\be-graphes-algos\src\test\resources
2021-05-11 16:54:39,082 [Worker-9: Building] INFO  o.e.m.c.i.p.WorkspaceClassifierResolverManager - Resolving P/be-graphes-model: org.insa.graphs:be-graphes-model:0.0.1-SNAPSHOT with classifier  to /be-graphes-model/target/classes
2021-05-11 16:54:39,082 [Worker-9: Building] INFO  o.e.m.c.i.p.WorkspaceClassifierResolverManager - Resolving P/be-graphes-algos: org.insa.graphs:be-graphes-algos:0.0.1-SNAPSHOT with classifier  to /be-graphes-algos/target/classes
2021-05-11 16:54:39,096 [Worker-9: Building] INFO  o.e.m.c.i.embedder.EclipseLogger - Using 'UTF-8' encoding to copy filtered resources.
2021-05-11 16:54:39,101 [Worker-9: Building] INFO  o.e.m.c.i.embedder.EclipseLogger - Copying 5 resources
2021-05-11 16:54:39,124 [Worker-9: Building] INFO  o.e.m.c.i.embedder.EclipseLogger - Using 'UTF-8' encoding to copy filtered resources.
2021-05-11 16:54:39,124 [Worker-9: Building] INFO  o.e.m.c.i.embedder.EclipseLogger - skip non existing resourceDirectory C:\Users\Oriane\Documents\3MIC\graphes\BE\git2\BE-graphes\be-graphes-gui\src\test\resources
2021-05-11 16:54:49,642 [Worker-3: Building] INFO  o.e.m.c.i.embedder.EclipseLogger - Using 'UTF-8' encoding to copy filtered resources.
2021-05-11 16:54:49,643 [Worker-3: Building] INFO  o.e.m.c.i.embedder.EclipseLogger - skip non existing resourceDirectory C:\Users\Oriane\Documents\3MIC\graphes\BE\git2\BE-graphes\be-graphes-model\src\main\resources
2021-05-11 16:54:49,644 [Worker-3: Building] INFO  o.e.m.c.i.embedder.EclipseLogger - Using 'UTF-8' encoding to copy filtered resources.
2021-05-11 16:54:49,645 [Worker-3: Building] INFO  o.e.m.c.i.embedder.EclipseLogger - skip non existing resourceDirectory C:\Users\Oriane\Documents\3MIC\graphes\BE\git2\BE-graphes\be-graphes-model\src\test\resources
2021-05-11 16:54:49,650 [Worker-3: Building] INFO  o.e.m.c.i.embedder.EclipseLogger - Using 'UTF-8' encoding to copy filtered resources.
2021-05-11 16:54:49,650 [Worker-3: Building] INFO  o.e.m.c.i.embedder.EclipseLogger - skip non existing resourceDirectory C:\Users\Oriane\Documents\3MIC\graphes\BE\git2\BE-graphes\be-graphes-algos\src\main\resources
2021-05-11 16:54:49,651 [Worker-3: Building] INFO  o.e.m.c.i.embedder.EclipseLogger - Using 'UTF-8' encoding to copy filtered resources.
2021-05-11 16:54:49,651 [Worker-3: Building] INFO  o.e.m.c.i.embedder.EclipseLogger - skip non existing resourceDirectory C:\Users\Oriane\Documents\3MIC\graphes\BE\git2\BE-graphes\be-graphes-algos\src\test\resources
2021-05-11 16:54:49,656 [Worker-3: Building] INFO  o.e.m.c.i.embedder.EclipseLogger - Using 'UTF-8' encoding to copy filtered resources.
2021-05-11 16:54:49,657 [Worker-3: Building] INFO  o.e.m.c.i.embedder.EclipseLogger - Copying 0 resource
2021-05-11 16:54:49,657 [Worker-3: Building] INFO  o.e.m.c.i.embedder.EclipseLogger - Using 'UTF-8' encoding to copy filtered resources.
2021-05-11 16:54:49,658 [Worker-3: Building] INFO  o.e.m.c.i.embedder.EclipseLogger - skip non existing resourceDirectory C:\Users\Oriane\Documents\3MIC\graphes\BE\git2\BE-graphes\be-graphes-gui\src\test\resources
2021-05-11 16:58:52,644 [Worker-22: Building] INFO  o.e.m.c.i.embedder.EclipseLogger - Using 'UTF-8' encoding to copy filtered resources.
2021-05-11 16:58:52,644 [Worker-22: Building] INFO  o.e.m.c.i.embedder.EclipseLogger - skip non existing resourceDirectory C:\Users\Oriane\Documents\3MIC\graphes\BE\git2\BE-graphes\be-graphes-algos\src\main\resources
2021-05-11 16:58:52,645 [Worker-22: Building] INFO  o.e.m.c.i.embedder.EclipseLogger - Using 'UTF-8' encoding to copy filtered resources.
2021-05-11 16:58:52,646 [Worker-22: Building] INFO  o.e.m.c.i.embedder.EclipseLogger - skip non existing resourceDirectory C:\Users\Oriane\Documents\3MIC\graphes\BE\git2\BE-graphes\be-graphes-algos\src\test\resources
2021-05-11 17:02:07,292 [Worker-3: Building] INFO  o.e.m.c.i.embedder.EclipseLogger - Using 'UTF-8' encoding to copy filtered resources.
2021-05-11 17:02:07,293 [Worker-3: Building] INFO  o.e.m.c.i.embedder.EclipseLogger - skip non existing resourceDirectory C:\Users\Oriane\Documents\3MIC\graphes\BE\git2\BE-graphes\be-graphes-algos\src\main\resources
2021-05-11 17:02:07,295 [Worker-3: Building] INFO  o.e.m.c.i.embedder.EclipseLogger - Using 'UTF-8' encoding to copy filtered resources.
2021-05-11 17:02:07,297 [Worker-3: Building] INFO  o.e.m.c.i.embedder.EclipseLogger - skip non existing resourceDirectory C:\Users\Oriane\Documents\3MIC\graphes\BE\git2\BE-graphes\be-graphes-algos\src\test\resources
2021-05-11 17:08:21,060 [Worker-28: Building] INFO  o.e.m.c.i.embedder.EclipseLogger - Using 'UTF-8' encoding to copy filtered resources.
2021-05-11 17:08:21,061 [Worker-28: Building] INFO  o.e.m.c.i.embedder.EclipseLogger - skip non existing resourceDirectory C:\Users\Oriane\Documents\3MIC\graphes\BE\git2\BE-graphes\be-graphes-algos\src\main\resources
2021-05-11 17:08:21,061 [Worker-28: Building] INFO  o.e.m.c.i.embedder.EclipseLogger - Using 'UTF-8' encoding to copy filtered resources.
2021-05-11 17:08:21,061 [Worker-28: Building] INFO  o.e.m.c.i.embedder.EclipseLogger - skip non existing resourceDirectory C:\Users\Oriane\Documents\3MIC\graphes\BE\git2\BE-graphes\be-graphes-algos\src\test\resources
2021-05-11 17:08:40,052 [Worker-3: Building] INFO  o.e.m.c.i.embedder.EclipseLogger - Using 'UTF-8' encoding to copy filtered resources.
2021-05-11 17:08:40,052 [Worker-3: Building] INFO  o.e.m.c.i.embedder.EclipseLogger - skip non existing resourceDirectory C:\Users\Oriane\Documents\3MIC\graphes\BE\git2\BE-graphes\be-graphes-algos\src\main\resources
2021-05-11 17:08:40,053 [Worker-3: Building] INFO  o.e.m.c.i.embedder.EclipseLogger - Using 'UTF-8' encoding to copy filtered resources.
2021-05-11 17:08:40,054 [Worker-3: Building] INFO  o.e.m.c.i.embedder.EclipseLogger - skip non existing resourceDirectory C:\Users\Oriane\Documents\3MIC\graphes\BE\git2\BE-graphes\be-graphes-algos\src\test\resources
2021-05-11 17:09:01,464 [Worker-24: Building] INFO  o.e.m.c.i.embedder.EclipseLogger - Using 'UTF-8' encoding to copy filtered resources.
2021-05-11 17:09:01,464 [Worker-24: Building] INFO  o.e.m.c.i.embedder.EclipseLogger - skip non existing resourceDirectory C:\Users\Oriane\Documents\3MIC\graphes\BE\git2\BE-graphes\be-graphes-algos\src\main\resources
2021-05-11 17:09:01,465 [Worker-24: Building] INFO  o.e.m.c.i.embedder.EclipseLogger - Using 'UTF-8' encoding to copy filtered resources.
2021-05-11 17:09:01,466 [Worker-24: Building] INFO  o.e.m.c.i.embedder.EclipseLogger - skip non existing resourceDirectory C:\Users\Oriane\Documents\3MIC\graphes\BE\git2\BE-graphes\be-graphes-algos\src\test\resources
2021-05-11 17:11:11,996 [Worker-28: Building] INFO  o.e.m.c.i.embedder.EclipseLogger - Using 'UTF-8' encoding to copy filtered resources.
2021-05-11 17:11:11,996 [Worker-28: Building] INFO  o.e.m.c.i.embedder.EclipseLogger - skip non existing resourceDirectory C:\Users\Oriane\Documents\3MIC\graphes\BE\git2\BE-graphes\be-graphes-model\src\main\resources
2021-05-11 17:11:11,997 [Worker-28: Building] INFO  o.e.m.c.i.embedder.EclipseLogger - Using 'UTF-8' encoding to copy filtered resources.
2021-05-11 17:11:11,998 [Worker-28: Building] INFO  o.e.m.c.i.embedder.EclipseLogger - skip non existing resourceDirectory C:\Users\Oriane\Documents\3MIC\graphes\BE\git2\BE-graphes\be-graphes-model\src\test\resources
2021-05-11 17:11:12,020 [Worker-28: Building] INFO  o.e.m.c.i.embedder.EclipseLogger - Using 'UTF-8' encoding to copy filtered resources.
2021-05-11 17:11:12,020 [Worker-28: Building] INFO  o.e.m.c.i.embedder.EclipseLogger - skip non existing resourceDirectory C:\Users\Oriane\Documents\3MIC\graphes\BE\git2\BE-graphes\be-graphes-algos\src\main\resources
2021-05-11 17:11:12,021 [Worker-28: Building] INFO  o.e.m.c.i.embedder.EclipseLogger - Using 'UTF-8' encoding to copy filtered resources.
2021-05-11 17:11:12,022 [Worker-28: Building] INFO  o.e.m.c.i.embedder.EclipseLogger - skip non existing resourceDirectory C:\Users\Oriane\Documents\3MIC\graphes\BE\git2\BE-graphes\be-graphes-algos\src\test\resources
2021-05-11 17:12:32,047 [Worker-30: Building] INFO  o.e.m.c.i.embedder.EclipseLogger - Using 'UTF-8' encoding to copy filtered resources.
2021-05-11 17:12:32,048 [Worker-30: Building] INFO  o.e.m.c.i.embedder.EclipseLogger - skip non existing resourceDirectory C:\Users\Oriane\Documents\3MIC\graphes\BE\git2\BE-graphes\be-graphes-model\src\main\resources
2021-05-11 17:12:32,048 [Worker-30: Building] INFO  o.e.m.c.i.embedder.EclipseLogger - Using 'UTF-8' encoding to copy filtered resources.
2021-05-11 17:12:32,048 [Worker-30: Building] INFO  o.e.m.c.i.embedder.EclipseLogger - skip non existing resourceDirectory C:\Users\Oriane\Documents\3MIC\graphes\BE\git2\BE-graphes\be-graphes-model\src\test\resources
2021-05-11 17:12:32,068 [Worker-30: Building] INFO  o.e.m.c.i.embedder.EclipseLogger - Using 'UTF-8' encoding to copy filtered resources.
2021-05-11 17:12:32,068 [Worker-30: Building] INFO  o.e.m.c.i.embedder.EclipseLogger - skip non existing resourceDirectory C:\Users\Oriane\Documents\3MIC\graphes\BE\git2\BE-graphes\be-graphes-algos\src\main\resources
2021-05-11 17:12:32,069 [Worker-30: Building] INFO  o.e.m.c.i.embedder.EclipseLogger - Using 'UTF-8' encoding to copy filtered resources.
2021-05-11 17:12:32,069 [Worker-30: Building] INFO  o.e.m.c.i.embedder.EclipseLogger - skip non existing resourceDirectory C:\Users\Oriane\Documents\3MIC\graphes\BE\git2\BE-graphes\be-graphes-algos\src\test\resources
2021-05-11 17:15:20,645 [Worker-28: Building] INFO  o.e.m.c.i.embedder.EclipseLogger - Using 'UTF-8' encoding to copy filtered resources.
2021-05-11 17:15:20,645 [Worker-28: Building] INFO  o.e.m.c.i.embedder.EclipseLogger - skip non existing resourceDirectory C:\Users\Oriane\Documents\3MIC\graphes\BE\git2\BE-graphes\be-graphes-algos\src\main\resources
2021-05-11 17:15:20,650 [Worker-28: Building] INFO  o.e.m.c.i.embedder.EclipseLogger - Using 'UTF-8' encoding to copy filtered resources.
2021-05-11 17:15:20,650 [Worker-28: Building] INFO  o.e.m.c.i.embedder.EclipseLogger - skip non existing resourceDirectory C:\Users\Oriane\Documents\3MIC\graphes\BE\git2\BE-graphes\be-graphes-algos\src\test\resources
2021-05-11 17:15:30,047 [Worker-30: Building] INFO  o.e.m.c.i.embedder.EclipseLogger - Using 'UTF-8' encoding to copy filtered resources.
2021-05-11 17:15:30,047 [Worker-30: Building] INFO  o.e.m.c.i.embedder.EclipseLogger - skip non existing resourceDirectory C:\Users\Oriane\Documents\3MIC\graphes\BE\git2\BE-graphes\be-graphes-algos\src\main\resources
2021-05-11 17:15:30,048 [Worker-30: Building] INFO  o.e.m.c.i.embedder.EclipseLogger - Using 'UTF-8' encoding to copy filtered resources.
2021-05-11 17:15:30,048 [Worker-30: Building] INFO  o.e.m.c.i.embedder.EclipseLogger - skip non existing resourceDirectory C:\Users\Oriane\Documents\3MIC\graphes\BE\git2\BE-graphes\be-graphes-algos\src\test\resources
2021-05-11 17:15:56,471 [Worker-28: Launching MainWindow] INFO  o.e.m.c.i.p.WorkspaceClassifierResolverManager - Resolving P/be-graphes-model: org.insa.graphs:be-graphes-model:0.0.1-SNAPSHOT with classifier null to /be-graphes-model/target/classes
2021-05-11 17:15:56,473 [Worker-28: Launching MainWindow] INFO  o.e.m.c.i.p.WorkspaceClassifierResolverManager - Resolving P/be-graphes-algos: org.insa.graphs:be-graphes-algos:0.0.1-SNAPSHOT with classifier null to /be-graphes-algos/target/classes
2021-05-11 17:15:56,509 [Worker-28: Launching MainWindow] INFO  o.e.m.c.i.p.WorkspaceClassifierResolverManager - Resolving P/be-graphes-model: org.insa.graphs:be-graphes-model:0.0.1-SNAPSHOT with classifier null to /be-graphes-model/target/classes
2021-05-11 17:15:56,510 [Worker-28: Launching MainWindow] INFO  o.e.m.c.i.p.WorkspaceClassifierResolverManager - Resolving P/be-graphes-algos: org.insa.graphs:be-graphes-algos:0.0.1-SNAPSHOT with classifier null to /be-graphes-algos/target/classes
2021-05-11 17:15:56,541 [Worker-28: Launching MainWindow] INFO  o.e.m.c.i.p.WorkspaceClassifierResolverManager - Resolving P/be-graphes-model: org.insa.graphs:be-graphes-model:0.0.1-SNAPSHOT with classifier null to /be-graphes-model/target/classes
2021-05-11 17:15:56,542 [Worker-28: Launching MainWindow] INFO  o.e.m.c.i.p.WorkspaceClassifierResolverManager - Resolving P/be-graphes-algos: org.insa.graphs:be-graphes-algos:0.0.1-SNAPSHOT with classifier null to /be-graphes-algos/target/classes
2021-05-11 17:17:46,882 [Worker-28: Building] INFO  o.e.m.c.i.embedder.EclipseLogger - Using 'UTF-8' encoding to copy filtered resources.
2021-05-11 17:17:46,882 [Worker-28: Building] INFO  o.e.m.c.i.embedder.EclipseLogger - skip non existing resourceDirectory C:\Users\Oriane\Documents\3MIC\graphes\BE\git2\BE-graphes\be-graphes-algos\src\main\resources
2021-05-11 17:17:46,883 [Worker-28: Building] INFO  o.e.m.c.i.embedder.EclipseLogger - Using 'UTF-8' encoding to copy filtered resources.
2021-05-11 17:17:46,883 [Worker-28: Building] INFO  o.e.m.c.i.embedder.EclipseLogger - skip non existing resourceDirectory C:\Users\Oriane\Documents\3MIC\graphes\BE\git2\BE-graphes\be-graphes-algos\src\test\resources
2021-05-11 17:19:15,197 [Worker-32: Building] INFO  o.e.m.c.i.embedder.EclipseLogger - Using 'UTF-8' encoding to copy filtered resources.
2021-05-11 17:19:15,197 [Worker-32: Building] INFO  o.e.m.c.i.embedder.EclipseLogger - skip non existing resourceDirectory C:\Users\Oriane\Documents\3MIC\graphes\BE\git2\BE-graphes\be-graphes-algos\src\main\resources
2021-05-11 17:19:15,198 [Worker-32: Building] INFO  o.e.m.c.i.embedder.EclipseLogger - Using 'UTF-8' encoding to copy filtered resources.
2021-05-11 17:19:15,198 [Worker-32: Building] INFO  o.e.m.c.i.embedder.EclipseLogger - skip non existing resourceDirectory C:\Users\Oriane\Documents\3MIC\graphes\BE\git2\BE-graphes\be-graphes-algos\src\test\resources
2021-05-11 17:19:35,620 [Worker-36: Launching MainWindow] INFO  o.e.m.c.i.p.WorkspaceClassifierResolverManager - Resolving P/be-graphes-model: org.insa.graphs:be-graphes-model:0.0.1-SNAPSHOT with classifier null to /be-graphes-model/target/classes
2021-05-11 17:19:35,621 [Worker-36: Launching MainWindow] INFO  o.e.m.c.i.p.WorkspaceClassifierResolverManager - Resolving P/be-graphes-algos: org.insa.graphs:be-graphes-algos:0.0.1-SNAPSHOT with classifier null to /be-graphes-algos/target/classes
2021-05-11 17:19:35,662 [Worker-36: Launching MainWindow] INFO  o.e.m.c.i.p.WorkspaceClassifierResolverManager - Resolving P/be-graphes-model: org.insa.graphs:be-graphes-model:0.0.1-SNAPSHOT with classifier null to /be-graphes-model/target/classes
2021-05-11 17:19:35,663 [Worker-36: Launching MainWindow] INFO  o.e.m.c.i.p.WorkspaceClassifierResolverManager - Resolving P/be-graphes-algos: org.insa.graphs:be-graphes-algos:0.0.1-SNAPSHOT with classifier null to /be-graphes-algos/target/classes
2021-05-11 17:19:35,708 [Worker-36: Launching MainWindow] INFO  o.e.m.c.i.p.WorkspaceClassifierResolverManager - Resolving P/be-graphes-model: org.insa.graphs:be-graphes-model:0.0.1-SNAPSHOT with classifier null to /be-graphes-model/target/classes
2021-05-11 17:19:35,708 [Worker-36: Launching MainWindow] INFO  o.e.m.c.i.p.WorkspaceClassifierResolverManager - Resolving P/be-graphes-algos: org.insa.graphs:be-graphes-algos:0.0.1-SNAPSHOT with classifier null to /be-graphes-algos/target/classes
2021-05-11 17:25:58,193 [Worker-32: Building] INFO  o.e.m.c.i.embedder.EclipseLogger - Using 'UTF-8' encoding to copy filtered resources.
2021-05-11 17:25:58,194 [Worker-32: Building] INFO  o.e.m.c.i.embedder.EclipseLogger - skip non existing resourceDirectory C:\Users\Oriane\Documents\3MIC\graphes\BE\git2\BE-graphes\be-graphes-algos\src\main\resources
2021-05-11 17:25:58,195 [Worker-32: Building] INFO  o.e.m.c.i.embedder.EclipseLogger - Using 'UTF-8' encoding to copy filtered resources.
2021-05-11 17:25:58,195 [Worker-32: Building] INFO  o.e.m.c.i.embedder.EclipseLogger - skip non existing resourceDirectory C:\Users\Oriane\Documents\3MIC\graphes\BE\git2\BE-graphes\be-graphes-algos\src\test\resources
2021-05-11 17:26:07,287 [Worker-39: Launching MainWindow] INFO  o.e.m.c.i.p.WorkspaceClassifierResolverManager - Resolving P/be-graphes-model: org.insa.graphs:be-graphes-model:0.0.1-SNAPSHOT with classifier null to /be-graphes-model/target/classes
2021-05-11 17:26:07,287 [Worker-39: Launching MainWindow] INFO  o.e.m.c.i.p.WorkspaceClassifierResolverManager - Resolving P/be-graphes-algos: org.insa.graphs:be-graphes-algos:0.0.1-SNAPSHOT with classifier null to /be-graphes-algos/target/classes
2021-05-11 17:26:07,313 [Worker-39: Launching MainWindow] INFO  o.e.m.c.i.p.WorkspaceClassifierResolverManager - Resolving P/be-graphes-model: org.insa.graphs:be-graphes-model:0.0.1-SNAPSHOT with classifier null to /be-graphes-model/target/classes
2021-05-11 17:26:07,313 [Worker-39: Launching MainWindow] INFO  o.e.m.c.i.p.WorkspaceClassifierResolverManager - Resolving P/be-graphes-algos: org.insa.graphs:be-graphes-algos:0.0.1-SNAPSHOT with classifier null to /be-graphes-algos/target/classes
2021-05-11 17:26:07,339 [Worker-39: Launching MainWindow] INFO  o.e.m.c.i.p.WorkspaceClassifierResolverManager - Resolving P/be-graphes-model: org.insa.graphs:be-graphes-model:0.0.1-SNAPSHOT with classifier null to /be-graphes-model/target/classes
2021-05-11 17:26:07,339 [Worker-39: Launching MainWindow] INFO  o.e.m.c.i.p.WorkspaceClassifierResolverManager - Resolving P/be-graphes-algos: org.insa.graphs:be-graphes-algos:0.0.1-SNAPSHOT with classifier null to /be-graphes-algos/target/classes
2021-05-11 17:26:43,615 [Worker-39: Building] INFO  o.e.m.c.i.embedder.EclipseLogger - Using 'UTF-8' encoding to copy filtered resources.
2021-05-11 17:26:43,615 [Worker-39: Building] INFO  o.e.m.c.i.embedder.EclipseLogger - skip non existing resourceDirectory C:\Users\Oriane\Documents\3MIC\graphes\BE\git2\BE-graphes\be-graphes-algos\src\main\resources
2021-05-11 17:26:43,617 [Worker-39: Building] INFO  o.e.m.c.i.embedder.EclipseLogger - Using 'UTF-8' encoding to copy filtered resources.
2021-05-11 17:26:43,617 [Worker-39: Building] INFO  o.e.m.c.i.embedder.EclipseLogger - skip non existing resourceDirectory C:\Users\Oriane\Documents\3MIC\graphes\BE\git2\BE-graphes\be-graphes-algos\src\test\resources
2021-05-11 17:31:26,653 [Worker-38: Building] INFO  o.e.m.c.i.embedder.EclipseLogger - Using 'UTF-8' encoding to copy filtered resources.
2021-05-11 17:31:26,653 [Worker-38: Building] INFO  o.e.m.c.i.embedder.EclipseLogger - skip non existing resourceDirectory C:\Users\Oriane\Documents\3MIC\graphes\BE\git2\BE-graphes\be-graphes-algos\src\main\resources
2021-05-11 17:31:26,654 [Worker-38: Building] INFO  o.e.m.c.i.embedder.EclipseLogger - Using 'UTF-8' encoding to copy filtered resources.
2021-05-11 17:31:26,655 [Worker-38: Building] INFO  o.e.m.c.i.embedder.EclipseLogger - skip non existing resourceDirectory C:\Users\Oriane\Documents\3MIC\graphes\BE\git2\BE-graphes\be-graphes-algos\src\test\resources
2021-05-11 17:32:04,004 [Worker-43: Building] INFO  o.e.m.c.i.embedder.EclipseLogger - Using 'UTF-8' encoding to copy filtered resources.
2021-05-11 17:32:04,004 [Worker-43: Building] INFO  o.e.m.c.i.embedder.EclipseLogger - skip non existing resourceDirectory C:\Users\Oriane\Documents\3MIC\graphes\BE\git2\BE-graphes\be-graphes-algos\src\main\resources
2021-05-11 17:32:04,005 [Worker-43: Building] INFO  o.e.m.c.i.embedder.EclipseLogger - Using 'UTF-8' encoding to copy filtered resources.
2021-05-11 17:32:04,005 [Worker-43: Building] INFO  o.e.m.c.i.embedder.EclipseLogger - skip non existing resourceDirectory C:\Users\Oriane\Documents\3MIC\graphes\BE\git2\BE-graphes\be-graphes-algos\src\test\resources
2021-05-11 17:33:28,926 [Worker-40: Building] INFO  o.e.m.c.i.embedder.EclipseLogger - Using 'UTF-8' encoding to copy filtered resources.
2021-05-11 17:33:28,926 [Worker-40: Building] INFO  o.e.m.c.i.embedder.EclipseLogger - skip non existing resourceDirectory C:\Users\Oriane\Documents\3MIC\graphes\BE\git2\BE-graphes\be-graphes-algos\src\main\resources
2021-05-11 17:33:28,927 [Worker-40: Building] INFO  o.e.m.c.i.embedder.EclipseLogger - Using 'UTF-8' encoding to copy filtered resources.
2021-05-11 17:33:28,927 [Worker-40: Building] INFO  o.e.m.c.i.embedder.EclipseLogger - skip non existing resourceDirectory C:\Users\Oriane\Documents\3MIC\graphes\BE\git2\BE-graphes\be-graphes-algos\src\test\resources
2021-05-11 17:33:47,575 [Worker-38: Building] INFO  o.e.m.c.i.embedder.EclipseLogger - Using 'UTF-8' encoding to copy filtered resources.
2021-05-11 17:33:47,576 [Worker-38: Building] INFO  o.e.m.c.i.embedder.EclipseLogger - skip non existing resourceDirectory C:\Users\Oriane\Documents\3MIC\graphes\BE\git2\BE-graphes\be-graphes-algos\src\main\resources
2021-05-11 17:33:47,577 [Worker-38: Building] INFO  o.e.m.c.i.embedder.EclipseLogger - Using 'UTF-8' encoding to copy filtered resources.
2021-05-11 17:33:47,577 [Worker-38: Building] INFO  o.e.m.c.i.embedder.EclipseLogger - skip non existing resourceDirectory C:\Users\Oriane\Documents\3MIC\graphes\BE\git2\BE-graphes\be-graphes-algos\src\test\resources
2021-05-11 17:35:02,639 [Worker-44: Building] INFO  o.e.m.c.i.embedder.EclipseLogger - Using 'UTF-8' encoding to copy filtered resources.
2021-05-11 17:35:02,639 [Worker-44: Building] INFO  o.e.m.c.i.embedder.EclipseLogger - skip non existing resourceDirectory C:\Users\Oriane\Documents\3MIC\graphes\BE\git2\BE-graphes\be-graphes-algos\src\main\resources
2021-05-11 17:35:02,640 [Worker-44: Building] INFO  o.e.m.c.i.embedder.EclipseLogger - Using 'UTF-8' encoding to copy filtered resources.
2021-05-11 17:35:02,640 [Worker-44: Building] INFO  o.e.m.c.i.embedder.EclipseLogger - skip non existing resourceDirectory C:\Users\Oriane\Documents\3MIC\graphes\BE\git2\BE-graphes\be-graphes-algos\src\test\resources
2021-05-11 17:35:17,652 [Worker-40: Building] INFO  o.e.m.c.i.embedder.EclipseLogger - Using 'UTF-8' encoding to copy filtered resources.
2021-05-11 17:35:17,653 [Worker-40: Building] INFO  o.e.m.c.i.embedder.EclipseLogger - skip non existing resourceDirectory C:\Users\Oriane\Documents\3MIC\graphes\BE\git2\BE-graphes\be-graphes-algos\src\main\resources
2021-05-11 17:35:17,653 [Worker-40: Building] INFO  o.e.m.c.i.embedder.EclipseLogger - Using 'UTF-8' encoding to copy filtered resources.
2021-05-11 17:35:17,653 [Worker-40: Building] INFO  o.e.m.c.i.embedder.EclipseLogger - skip non existing resourceDirectory C:\Users\Oriane\Documents\3MIC\graphes\BE\git2\BE-graphes\be-graphes-algos\src\test\resources
2021-05-11 17:35:42,364 [Worker-38: Building] INFO  o.e.m.c.i.embedder.EclipseLogger - Using 'UTF-8' encoding to copy filtered resources.
2021-05-11 17:35:42,364 [Worker-38: Building] INFO  o.e.m.c.i.embedder.EclipseLogger - skip non existing resourceDirectory C:\Users\Oriane\Documents\3MIC\graphes\BE\git2\BE-graphes\be-graphes-algos\src\main\resources
2021-05-11 17:35:42,365 [Worker-38: Building] INFO  o.e.m.c.i.embedder.EclipseLogger - Using 'UTF-8' encoding to copy filtered resources.
2021-05-11 17:35:42,365 [Worker-38: Building] INFO  o.e.m.c.i.embedder.EclipseLogger - skip non existing resourceDirectory C:\Users\Oriane\Documents\3MIC\graphes\BE\git2\BE-graphes\be-graphes-algos\src\test\resources
2021-05-11 17:36:33,552 [Worker-44: Building] INFO  o.e.m.c.i.embedder.EclipseLogger - Using 'UTF-8' encoding to copy filtered resources.
2021-05-11 17:36:33,552 [Worker-44: Building] INFO  o.e.m.c.i.embedder.EclipseLogger - skip non existing resourceDirectory C:\Users\Oriane\Documents\3MIC\graphes\BE\git2\BE-graphes\be-graphes-algos\src\main\resources
2021-05-11 17:36:33,552 [Worker-44: Building] INFO  o.e.m.c.i.embedder.EclipseLogger - Using 'UTF-8' encoding to copy filtered resources.
2021-05-11 17:36:33,553 [Worker-44: Building] INFO  o.e.m.c.i.embedder.EclipseLogger - skip non existing resourceDirectory C:\Users\Oriane\Documents\3MIC\graphes\BE\git2\BE-graphes\be-graphes-algos\src\test\resources
2021-05-11 17:37:11,367 [Worker-45: Building] INFO  o.e.m.c.i.embedder.EclipseLogger - Using 'UTF-8' encoding to copy filtered resources.
2021-05-11 17:37:11,368 [Worker-45: Building] INFO  o.e.m.c.i.embedder.EclipseLogger - skip non existing resourceDirectory C:\Users\Oriane\Documents\3MIC\graphes\BE\git2\BE-graphes\be-graphes-algos\src\main\resources
2021-05-11 17:37:11,368 [Worker-45: Building] INFO  o.e.m.c.i.embedder.EclipseLogger - Using 'UTF-8' encoding to copy filtered resources.
2021-05-11 17:37:11,368 [Worker-45: Building] INFO  o.e.m.c.i.embedder.EclipseLogger - skip non existing resourceDirectory C:\Users\Oriane\Documents\3MIC\graphes\BE\git2\BE-graphes\be-graphes-algos\src\test\resources
2021-05-11 17:37:27,563 [Worker-40: Building] INFO  o.e.m.c.i.embedder.EclipseLogger - Using 'UTF-8' encoding to copy filtered resources.
2021-05-11 17:37:27,563 [Worker-40: Building] INFO  o.e.m.c.i.embedder.EclipseLogger - skip non existing resourceDirectory C:\Users\Oriane\Documents\3MIC\graphes\BE\git2\BE-graphes\be-graphes-algos\src\main\resources
2021-05-11 17:37:27,564 [Worker-40: Building] INFO  o.e.m.c.i.embedder.EclipseLogger - Using 'UTF-8' encoding to copy filtered resources.
2021-05-11 17:37:27,564 [Worker-40: Building] INFO  o.e.m.c.i.embedder.EclipseLogger - skip non existing resourceDirectory C:\Users\Oriane\Documents\3MIC\graphes\BE\git2\BE-graphes\be-graphes-algos\src\test\resources
2021-05-11 17:38:48,038 [Worker-46: Building] INFO  o.e.m.c.i.embedder.EclipseLogger - Using 'UTF-8' encoding to copy filtered resources.
2021-05-11 17:38:48,038 [Worker-46: Building] INFO  o.e.m.c.i.embedder.EclipseLogger - skip non existing resourceDirectory C:\Users\Oriane\Documents\3MIC\graphes\BE\git2\BE-graphes\be-graphes-algos\src\main\resources
2021-05-11 17:38:48,038 [Worker-46: Building] INFO  o.e.m.c.i.embedder.EclipseLogger - Using 'UTF-8' encoding to copy filtered resources.
2021-05-11 17:38:48,038 [Worker-46: Building] INFO  o.e.m.c.i.embedder.EclipseLogger - skip non existing resourceDirectory C:\Users\Oriane\Documents\3MIC\graphes\BE\git2\BE-graphes\be-graphes-algos\src\test\resources
2021-05-11 17:39:13,023 [Worker-40: Building] INFO  o.e.m.c.i.embedder.EclipseLogger - Using 'UTF-8' encoding to copy filtered resources.
2021-05-11 17:39:13,023 [Worker-40: Building] INFO  o.e.m.c.i.embedder.EclipseLogger - skip non existing resourceDirectory C:\Users\Oriane\Documents\3MIC\graphes\BE\git2\BE-graphes\be-graphes-algos\src\main\resources
2021-05-11 17:39:13,024 [Worker-40: Building] INFO  o.e.m.c.i.embedder.EclipseLogger - Using 'UTF-8' encoding to copy filtered resources.
2021-05-11 17:39:13,024 [Worker-40: Building] INFO  o.e.m.c.i.embedder.EclipseLogger - skip non existing resourceDirectory C:\Users\Oriane\Documents\3MIC\graphes\BE\git2\BE-graphes\be-graphes-algos\src\test\resources
2021-05-11 17:39:41,440 [Worker-45: Building] INFO  o.e.m.c.i.embedder.EclipseLogger - Using 'UTF-8' encoding to copy filtered resources.
2021-05-11 17:39:41,440 [Worker-45: Building] INFO  o.e.m.c.i.embedder.EclipseLogger - skip non existing resourceDirectory C:\Users\Oriane\Documents\3MIC\graphes\BE\git2\BE-graphes\be-graphes-algos\src\main\resources
2021-05-11 17:39:41,441 [Worker-45: Building] INFO  o.e.m.c.i.embedder.EclipseLogger - Using 'UTF-8' encoding to copy filtered resources.
2021-05-11 17:39:41,441 [Worker-45: Building] INFO  o.e.m.c.i.embedder.EclipseLogger - skip non existing resourceDirectory C:\Users\Oriane\Documents\3MIC\graphes\BE\git2\BE-graphes\be-graphes-algos\src\test\resources
2021-05-11 17:39:58,525 [Worker-32: Building] INFO  o.e.m.c.i.embedder.EclipseLogger - Using 'UTF-8' encoding to copy filtered resources.
2021-05-11 17:39:58,525 [Worker-32: Building] INFO  o.e.m.c.i.embedder.EclipseLogger - skip non existing resourceDirectory C:\Users\Oriane\Documents\3MIC\graphes\BE\git2\BE-graphes\be-graphes-algos\src\main\resources
2021-05-11 17:39:58,525 [Worker-32: Building] INFO  o.e.m.c.i.embedder.EclipseLogger - Using 'UTF-8' encoding to copy filtered resources.
2021-05-11 17:39:58,526 [Worker-32: Building] INFO  o.e.m.c.i.embedder.EclipseLogger - skip non existing resourceDirectory C:\Users\Oriane\Documents\3MIC\graphes\BE\git2\BE-graphes\be-graphes-algos\src\test\resources
2021-05-11 17:41:17,546 [Worker-44: Building] INFO  o.e.m.c.i.embedder.EclipseLogger - Using 'UTF-8' encoding to copy filtered resources.
2021-05-11 17:41:17,546 [Worker-44: Building] INFO  o.e.m.c.i.embedder.EclipseLogger - skip non existing resourceDirectory C:\Users\Oriane\Documents\3MIC\graphes\BE\git2\BE-graphes\be-graphes-algos\src\main\resources
2021-05-11 17:41:17,548 [Worker-44: Building] INFO  o.e.m.c.i.embedder.EclipseLogger - Using 'UTF-8' encoding to copy filtered resources.
2021-05-11 17:41:17,548 [Worker-44: Building] INFO  o.e.m.c.i.embedder.EclipseLogger - skip non existing resourceDirectory C:\Users\Oriane\Documents\3MIC\graphes\BE\git2\BE-graphes\be-graphes-algos\src\test\resources
2021-05-11 17:41:22,894 [Worker-46: Building] INFO  o.e.m.c.i.embedder.EclipseLogger - Using 'UTF-8' encoding to copy filtered resources.
2021-05-11 17:41:22,894 [Worker-46: Building] INFO  o.e.m.c.i.embedder.EclipseLogger - skip non existing resourceDirectory C:\Users\Oriane\Documents\3MIC\graphes\BE\git2\BE-graphes\be-graphes-algos\src\main\resources
2021-05-11 17:41:22,894 [Worker-46: Building] INFO  o.e.m.c.i.embedder.EclipseLogger - Using 'UTF-8' encoding to copy filtered resources.
2021-05-11 17:41:22,894 [Worker-46: Building] INFO  o.e.m.c.i.embedder.EclipseLogger - skip non existing resourceDirectory C:\Users\Oriane\Documents\3MIC\graphes\BE\git2\BE-graphes\be-graphes-algos\src\test\resources
2021-05-11 17:42:02,452 [Worker-47: Building] INFO  o.e.m.c.i.embedder.EclipseLogger - Using 'UTF-8' encoding to copy filtered resources.
2021-05-11 17:42:02,452 [Worker-47: Building] INFO  o.e.m.c.i.embedder.EclipseLogger - skip non existing resourceDirectory C:\Users\Oriane\Documents\3MIC\graphes\BE\git2\BE-graphes\be-graphes-algos\src\main\resources
2021-05-11 17:42:02,452 [Worker-47: Building] INFO  o.e.m.c.i.embedder.EclipseLogger - Using 'UTF-8' encoding to copy filtered resources.
2021-05-11 17:42:02,453 [Worker-47: Building] INFO  o.e.m.c.i.embedder.EclipseLogger - skip non existing resourceDirectory C:\Users\Oriane\Documents\3MIC\graphes\BE\git2\BE-graphes\be-graphes-algos\src\test\resources
2021-05-11 17:42:04,230 [Worker-40: Building] INFO  o.e.m.c.i.embedder.EclipseLogger - Using 'UTF-8' encoding to copy filtered resources.
2021-05-11 17:42:04,231 [Worker-40: Building] INFO  o.e.m.c.i.embedder.EclipseLogger - skip non existing resourceDirectory C:\Users\Oriane\Documents\3MIC\graphes\BE\git2\BE-graphes\be-graphes-algos\src\main\resources
2021-05-11 17:42:04,231 [Worker-40: Building] INFO  o.e.m.c.i.embedder.EclipseLogger - Using 'UTF-8' encoding to copy filtered resources.
2021-05-11 17:42:04,231 [Worker-40: Building] INFO  o.e.m.c.i.embedder.EclipseLogger - skip non existing resourceDirectory C:\Users\Oriane\Documents\3MIC\graphes\BE\git2\BE-graphes\be-graphes-algos\src\test\resources
2021-05-11 17:43:04,648 [Worker-47: Building] INFO  o.e.m.c.i.embedder.EclipseLogger - Using 'UTF-8' encoding to copy filtered resources.
2021-05-11 17:43:04,648 [Worker-47: Building] INFO  o.e.m.c.i.embedder.EclipseLogger - skip non existing resourceDirectory C:\Users\Oriane\Documents\3MIC\graphes\BE\git2\BE-graphes\be-graphes-algos\src\main\resources
2021-05-11 17:43:04,649 [Worker-47: Building] INFO  o.e.m.c.i.embedder.EclipseLogger - Using 'UTF-8' encoding to copy filtered resources.
2021-05-11 17:43:04,649 [Worker-47: Building] INFO  o.e.m.c.i.embedder.EclipseLogger - skip non existing resourceDirectory C:\Users\Oriane\Documents\3MIC\graphes\BE\git2\BE-graphes\be-graphes-algos\src\test\resources
